# Logfile created on 2014-02-26 20:51:11 -0700 by logger.rb/44203
I, [2014-02-26T20:51:11.268676 #4931]  INFO -- : 0:  RedCloth (4.2.9) from /home/alexmcnurlin/.rvm/rubies/ruby-2.1.0/lib/ruby/gems/2.1.0/specifications/RedCloth-4.2.9.gemspec
I, [2014-02-26T20:51:12.266093 #4931]  INFO -- : 0:  blankslate (2.1.2.4) from /home/alexmcnurlin/.rvm/rubies/ruby-2.1.0/lib/ruby/gems/2.1.0/specifications/blankslate-2.1.2.4.gemspec
I, [2014-02-26T20:51:13.399491 #4931]  INFO -- : 0:  fast-stemmer (1.0.2) from /home/alexmcnurlin/.rvm/rubies/ruby-2.1.0/lib/ruby/gems/2.1.0/specifications/fast-stemmer-1.0.2.gemspec
I, [2014-02-26T20:51:14.155545 #4931]  INFO -- : 0:  classifier (1.3.4) from /home/alexmcnurlin/.rvm/rubies/ruby-2.1.0/lib/ruby/gems/2.1.0/specifications/classifier-1.3.4.gemspec
I, [2014-02-26T20:51:14.822430 #4931]  INFO -- : 0:  colorator (0.1) from /home/alexmcnurlin/.rvm/rubies/ruby-2.1.0/lib/ruby/gems/2.1.0/specifications/colorator-0.1.gemspec
I, [2014-02-26T20:51:16.188463 #4931]  INFO -- : 0:  highline (1.6.20) from /home/alexmcnurlin/.rvm/rubies/ruby-2.1.0/lib/ruby/gems/2.1.0/specifications/highline-1.6.20.gemspec
I, [2014-02-26T20:51:16.977797 #4931]  INFO -- : 0:  commander (4.1.6) from /home/alexmcnurlin/.rvm/rubies/ruby-2.1.0/lib/ruby/gems/2.1.0/specifications/commander-4.1.6.gemspec
I, [2014-02-26T20:51:24.002295 #4931]  INFO -- : 0:  ffi (1.9.3) from /home/alexmcnurlin/.rvm/rubies/ruby-2.1.0/lib/ruby/gems/2.1.0/specifications/ffi-1.9.3.gemspec
I, [2014-02-26T20:51:25.537012 #4931]  INFO -- : 0:  liquid (2.5.5) from /home/alexmcnurlin/.rvm/rubies/ruby-2.1.0/lib/ruby/gems/2.1.0/specifications/liquid-2.5.5.gemspec
I, [2014-02-26T20:51:36.393236 #4931]  INFO -- : 0:  rb-fsevent (0.9.4) from /home/alexmcnurlin/.rvm/rubies/ruby-2.1.0/lib/ruby/gems/2.1.0/specifications/rb-fsevent-0.9.4.gemspec
I, [2014-02-26T20:51:37.082138 #4931]  INFO -- : 0:  rb-inotify (0.9.3) from /home/alexmcnurlin/.rvm/rubies/ruby-2.1.0/lib/ruby/gems/2.1.0/specifications/rb-inotify-0.9.3.gemspec
I, [2014-02-26T20:51:38.336863 #4931]  INFO -- : 0:  rb-kqueue (0.2.0) from /home/alexmcnurlin/.rvm/rubies/ruby-2.1.0/lib/ruby/gems/2.1.0/specifications/rb-kqueue-0.2.0.gemspec
I, [2014-02-26T20:51:44.454637 #4931]  INFO -- : 0:  listen (1.3.1) from /home/alexmcnurlin/.rvm/rubies/ruby-2.1.0/lib/ruby/gems/2.1.0/specifications/listen-1.3.1.gemspec
I, [2014-02-26T20:51:46.687318 #4931]  INFO -- : 0:  maruku (0.7.0) from /home/alexmcnurlin/.rvm/rubies/ruby-2.1.0/lib/ruby/gems/2.1.0/specifications/maruku-0.7.0.gemspec
I, [2014-02-26T20:51:47.632331 #4931]  INFO -- : 0:  posix-spawn (0.3.8) from /home/alexmcnurlin/.rvm/rubies/ruby-2.1.0/lib/ruby/gems/2.1.0/specifications/posix-spawn-0.3.8.gemspec
I, [2014-02-26T20:51:50.819475 #4931]  INFO -- : 0:  yajl-ruby (1.1.0) from /home/alexmcnurlin/.rvm/rubies/ruby-2.1.0/lib/ruby/gems/2.1.0/specifications/yajl-ruby-1.1.0.gemspec
I, [2014-02-26T20:51:56.307105 #4931]  INFO -- : 0:  pygments.rb (0.5.4) from /home/alexmcnurlin/.rvm/rubies/ruby-2.1.0/lib/ruby/gems/2.1.0/specifications/pygments.rb-0.5.4.gemspec
I, [2014-02-26T20:51:58.627783 #4931]  INFO -- : 0:  redcarpet (2.3.0) from /home/alexmcnurlin/.rvm/rubies/ruby-2.1.0/lib/ruby/gems/2.1.0/specifications/redcarpet-2.3.0.gemspec
I, [2014-02-26T20:51:59.350188 #4931]  INFO -- : 0:  safe_yaml (0.9.7) from /home/alexmcnurlin/.rvm/rubies/ruby-2.1.0/lib/ruby/gems/2.1.0/specifications/safe_yaml-0.9.7.gemspec
I, [2014-02-26T20:52:00.583503 #4931]  INFO -- : 0:  parslet (1.5.0) from /home/alexmcnurlin/.rvm/rubies/ruby-2.1.0/lib/ruby/gems/2.1.0/specifications/parslet-1.5.0.gemspec
I, [2014-02-26T20:52:01.283648 #4931]  INFO -- : 0:  toml (0.1.0) from /home/alexmcnurlin/.rvm/rubies/ruby-2.1.0/lib/ruby/gems/2.1.0/specifications/toml-0.1.0.gemspec
I, [2014-02-26T20:52:03.242505 #4931]  INFO -- : 0:  jekyll (1.4.3) from /home/alexmcnurlin/.rvm/rubies/ruby-2.1.0/lib/ruby/gems/2.1.0/specifications/jekyll-1.4.3.gemspec
I, [2014-02-26T20:52:04.312041 #4931]  INFO -- : 0:  kramdown (1.3.1) from /home/alexmcnurlin/.rvm/rubies/ruby-2.1.0/lib/ruby/gems/2.1.0/specifications/kramdown-1.3.1.gemspec
I, [2014-02-26T20:52:08.221121 #4931]  INFO -- : 0:  rdiscount (2.1.7) from /home/alexmcnurlin/.rvm/rubies/ruby-2.1.0/lib/ruby/gems/2.1.0/specifications/rdiscount-2.1.7.gemspec
I, [2014-02-26T20:52:08.856582 #4931]  INFO -- : 0:  github-pages (15) from /home/alexmcnurlin/.rvm/rubies/ruby-2.1.0/lib/ruby/gems/2.1.0/specifications/github-pages-15.gemspec
I, [2014-02-26T20:52:08.857048 #4931]  INFO -- : 0:  bundler (1.5.0) from /home/alexmcnurlin/.rvm/rubies/ruby-2.1.0/lib/ruby/gems/2.1.0/specifications/bundler-1.5.0.gemspec
